\BOOKMARK [0][-]{chapter.1}{\376\377\000\332\000v\000o\000d}{}% 1
\BOOKMARK [1][-]{section.1.1}{\376\377\000M\000o\000t\000i\000v\000a\000c\000e}{chapter.1}% 2
\BOOKMARK [1][-]{section.1.2}{\376\377\000C\000\355\000l\000\040\000p\000r\000\341\000c\000e}{chapter.1}% 3
\BOOKMARK [1][-]{section.1.3}{\376\377\000S\000t\000r\000u\000k\000t\000u\000r\000a\000\040\000p\000r\000\341\000c\000e}{chapter.1}% 4
\BOOKMARK [0][-]{chapter.2}{\376\377\000O\000t\000e\000v\001\131\000e\000n\000\341\000\040\000d\000a\000t\000a\000\040\000a\000\040\000p\000r\000i\000n\000c\000i\000p\000y\000\040\000L\000i\000n\000k\000e\000d\000\040\000D\000a\000t\000a}{}% 5
\BOOKMARK [1][-]{section.2.1}{\376\377\000O\000t\000e\000v\001\131\000e\000n\000\341\000\040\000d\000a\000t\000a\000\040\000\050\000O\000p\000e\000n\000\040\000D\000a\000t\000a\000\051}{chapter.2}% 6
\BOOKMARK [1][-]{section.2.2}{\376\377\000K\000v\000a\000l\000i\000t\000a\000\040\000o\000t\000e\000v\001\131\000e\000n\000\375\000c\000h\000\040\000d\000a\000t}{chapter.2}% 7
\BOOKMARK [1][-]{section.2.3}{\376\377\000S\000t\000u\000p\000n\001\033\000\040\000o\000t\000e\000v\001\131\000e\000n\000o\000s\000t\000i\0005\000s\000t\000a\000r\000I\000n\000f\000o}{chapter.2}% 8
\BOOKMARK [1][-]{section.2.4}{\376\377\000P\000r\000o\000p\000o\000j\000i\000t\000e\000l\000n\000\341\000\040\000d\000a\000t\000a\000\040\000\050\000L\000i\000n\000k\000e\000d\000\040\000D\000a\000t\000a\000\051}{chapter.2}% 9
\BOOKMARK [1][-]{section.2.5}{\376\377\000O\000t\000e\000v\001\131\000e\000n\000\341\000\040\000a\000\040\000p\000r\000o\000p\000o\000j\000i\000t\000e\000l\000n\000\341\000\040\000d\000a\000t\000a\000\040\000\050\000L\000i\000n\000k\000e\000d\000\040\000O\000p\000e\000n\000\040\000D\000a\000t\000a\000\040\000-\000\040\000L\000O\000D\000\051}{chapter.2}% 10
\BOOKMARK [1][-]{section.2.6}{\376\377\000V\000\375\000h\000o\000d\000y\000\040\000a\000\040\000p\001\131\000\355\000n\000o\000s\000y\000\040\000o\000t\000e\000v\001\131\000e\000n\000\375\000c\000h\000\040\000d\000a\000t\000\040\000a\000\040\000p\000r\000i\000n\000c\000i\000p\001\157\000\040\000L\000i\000n\000k\000e\000d\000\040\000d\000a\000t\000a}{chapter.2}% 11
\BOOKMARK [1][-]{section.2.7}{\376\377\000R\000D\000F\000\040\000\050\000R\000e\000s\000o\000u\000r\000c\000e\000\040\000D\000e\000s\000c\000r\000i\000p\000t\000i\000o\000n\000\040\000F\000r\000a\000m\000e\000w\000o\000r\000k\000\051}{chapter.2}% 12
\BOOKMARK [1][-]{section.2.8}{\376\377\000R\000D\000F\000\040\000O\000n\000t\000o\000l\000o\000g\000i\000e}{chapter.2}% 13
\BOOKMARK [2][-]{subsection.2.8.1}{\376\377\000P\000r\000o\000p\000o\000j\000o\000v\000\341\000n\000\355\000\040\000s\000e\000\040\000s\000o\000u\000v\000i\000s\000e\000j\000\355\000c\000\355\000m\000i\000\040\000e\000n\000t\000i\000t\000a\000m\000i}{section.2.8}% 14
\BOOKMARK [1][-]{section.2.9}{\376\377\000P\000u\000b\000l\000i\000k\000a\000c\000e}{chapter.2}% 15
\BOOKMARK [2][-]{subsection.2.9.1}{\376\377\000P\001\131\000\355\000k\000l\000a\000d\000\040\000d\000a\000t\000\040\000s\000e\000r\000i\000a\000l\000i\000z\000o\000v\000a\000n\000\375\000c\000h\000\040\000v\000e\000\040\000f\000o\000r\000m\000\341\000t\000u\000\040\000N\000-\000T\000r\000i\000p\000l\000e\000s}{section.2.9}% 16
\BOOKMARK [2][-]{subsection.2.9.2}{\376\377\000P\001\131\000\355\000k\000l\000a\000d\000\040\000d\000a\000t\000\040\000s\000e\000r\000i\000a\000l\000i\000z\000o\000v\000a\000n\000\375\000c\000h\000\040\000v\000e\000\040\000f\000o\000r\000m\000\341\000t\000u\000\040\000T\000u\000r\000t\000l\000e}{section.2.9}% 17
\BOOKMARK [2][-]{subsection.2.9.3}{\376\377\000P\001\131\000\355\000k\000l\000a\000d\000\040\000d\000a\000t\000\040\000s\000e\000r\000i\000a\000l\000i\000z\000o\000v\000a\000n\000\375\000c\000h\000\040\000v\000e\000\040\000f\000o\000r\000m\000\341\000t\000u\000\040\000J\000S\000O\000N\000-\000L\000D}{section.2.9}% 18
\BOOKMARK [0][-]{chapter.3}{\376\377\000O\000t\000e\000v\001\131\000e\000n\000\351\000\040\000s\000m\000l\000o\000u\000v\000y}{}% 19
\BOOKMARK [1][-]{section.3.1}{\376\377\000S\000i\000t\000u\000a\000c\000e\000\040\000v\000e\000\040\000v\000e\001\131\000e\000j\000n\000\351\000\040\000s\000p\000r\000\341\000v\001\033\000\040\001\014\000R}{chapter.3}% 20
\BOOKMARK [1][-]{section.3.2}{\376\377\000S\000t\000a\000n\000d\000a\000r\000d\000\040\000p\000r\000o\000\040\000z\000v\000e\001\131\000e\000j\001\110\000o\000v\000\341\000n\000\355\000\040\000s\000m\000l\000u\000v}{chapter.3}% 21
\BOOKMARK [2][-]{subsection.3.2.1}{\376\377\000Z\000\341\000k\000l\000a\000d\000n\000\355\000\040\000s\000t\000r\000u\000k\000t\000u\000r\000a}{section.3.2}% 22
\BOOKMARK [2][-]{subsection.3.2.2}{\376\377\000R\000e\000p\000r\000e\000z\000e\000n\000t\000o\000v\000a\000n\000\351\000\040\000e\000n\000t\000i\000t\000y}{section.3.2}% 23
\BOOKMARK [2][-]{subsection.3.2.3}{\376\377\001\014\000\355\000s\000e\000l\000n\000\355\000k\000y}{section.3.2}% 24
\BOOKMARK [1][-]{section.3.3}{\376\377\000P\000u\000b\000l\000i\000k\000a\000c\000e}{chapter.3}% 25
\BOOKMARK [2][-]{subsection.3.3.1}{\376\377\000J\000S\000O\000N}{section.3.3}% 26
\BOOKMARK [2][-]{subsection.3.3.2}{\376\377\000C\000S\000V}{section.3.3}% 27
\BOOKMARK [1][-]{section.3.4}{\376\377\000M\000e\000t\000o\000d\000i\000k\000a\000\040\000z\000v\000e\001\131\000e\000j\001\110\000o\000v\000\341\000n\000\355\000\040\000s\000m\000l\000u\000v}{chapter.3}% 28
\BOOKMARK [0][-]{chapter.4}{\376\377\000O\000t\000e\000v\001\131\000e\000n\000\351\000\040\000s\000m\000l\000o\000u\000v\000y\000\040\000j\000a\000k\000o\000\040\000L\000i\000n\000k\000e\000d\000\040\000D\000a\000t\000a}{}% 29
\BOOKMARK [1][-]{section.4.1}{\376\377\000P\001\131\000i\001\131\000a\000z\000e\000n\000\355\000\040\000i\000d\000e\000n\000t\000i\000f\000i\000k\000\341\000t\000o\000r\001\157\000\040\000j\000e\000d\000n\000o\000t\000l\000i\000v\000\375\000m\000\040\000e\000n\000t\000i\000t\000\341\000m\000\040\000o\000t\000e\000v\001\131\000e\000n\000\375\000c\000h\000\040\000s\000m\000l\000u\000v}{chapter.4}% 30
\BOOKMARK [1][-]{section.4.2}{\376\377\000O\000n\000t\000o\000l\000o\000g\000i\000e\000\040\000p\000r\000o\000\040\000p\000u\000b\000l\000i\000k\000a\000c\000i\000\040\000d\000a\000t\000\040\000o\000\040\000s\000m\000l\000o\000u\000v\000\341\000c\000h}{chapter.4}% 31
\BOOKMARK [2][-]{subsection.4.2.1}{\376\377\000A\000n\000a\000l\000\375\000z\000a\000\040\000v\000h\000o\000d\000n\000\375\000c\000h\000,\000\040\000j\000i\001\176\000\040\000e\000x\000i\000s\000t\000u\000j\000\355\000c\000\355\000c\000h\000\040\000o\000n\000t\000o\000l\000o\000g\000i\000\355}{section.4.2}% 32
\BOOKMARK [2][-]{subsection.4.2.2}{\376\377\000T\000v\000o\000r\000b\000a\000\040\000o\000n\000t\000o\000l\000o\000g\000i\000e}{section.4.2}% 33
\BOOKMARK [2][-]{subsection.4.2.3}{\376\377\000P\000u\000b\000l\000i\000k\000a\000c\000e}{section.4.2}% 34
\BOOKMARK [1][-]{section.4.3}{\376\377\000M\000o\001\176\000n\000o\000s\000t\000i\000\040\000p\000r\000o\000p\000o\000j\000e\000n\000\355\000\040\000n\000a\000\040\000s\000o\000u\000v\000i\000s\000e\000j\000\355\000c\000\355\000\040\000d\000a\000t\000a}{chapter.4}% 35
\BOOKMARK [1][-]{section.4.4}{\376\377\000P\000r\000o\000v\000\341\000z\000\341\000n\000\355\000\040\000s\000\040\000d\000a\000t\000o\000v\000\375\000m\000\040\000f\000o\000r\000m\000\341\000t\000e\000m\000\040\000J\000S\000O\000N}{chapter.4}% 36
\BOOKMARK [0][-]{chapter.5}{\376\377\000P\000o\001\176\000a\000d\000a\000v\000k\000y\000\040\000n\000a\000\040\000p\000l\000a\000t\000f\000o\000r\000m\000u\000\040\000p\000r\000o\000\040\000o\000t\000e\000v\001\131\000e\000n\000\351\000\040\000s\000m\000l\000o\000u\000v\000y}{}% 37
\BOOKMARK [1][-]{section.5.1}{\376\377\000F\000u\000n\000k\001\015\000n\000\355\000\040\000p\000o\001\176\000a\000d\000a\000v\000k\000y}{chapter.5}% 38
\BOOKMARK [1][-]{section.5.2}{\376\377\000N\000e\000f\000u\000n\000k\001\015\000n\000\355\000\040\000p\000o\001\176\000a\000d\000a\000v\000k\000y}{chapter.5}% 39
\BOOKMARK [0][-]{chapter.6}{\376\377\000N\000\341\000v\000r\000h\000\040\000p\000l\000a\000t\000f\000o\000r\000m\000y\000\040\000p\000r\000o\000\040\000o\000t\000e\000v\001\131\000e\000n\000\351\000\040\000s\000m\000l\000o\000u\000v\000y}{}% 40
\BOOKMARK [1][-]{section.6.1}{\376\377\000A\000r\000c\000h\000i\000t\000e\000k\000t\000u\000r\000a}{chapter.6}% 41
\BOOKMARK [1][-]{section.6.2}{\376\377\000K\000o\000n\000v\000e\000r\000z\000n\000\355\000\040\000m\000e\000c\000h\000a\000n\000i\000s\000m\000u\000s}{chapter.6}% 42
\BOOKMARK [1][-]{section.6.3}{\376\377\000J\000e\000d\000n\000o\000t\000n\000\351\000\040\000\372\000l\000o\001\176\000i\001\141\000t\001\033}{chapter.6}% 43
\BOOKMARK [1][-]{section.6.4}{\376\377\000D\000a\000t\000o\000v\000\341\000\040\000s\000\355\001\145}{chapter.6}% 44
\BOOKMARK [1][-]{section.6.5}{\376\377\000W\000e\000b\000o\000v\000\341\000\040\000a\000p\000l\000i\000k\000a\000c\000e}{chapter.6}% 45
\BOOKMARK [0][-]{chapter.7}{\376\377\000I\000m\000p\000l\000e\000m\000e\000n\000t\000a\000c\000e\000\040\000p\000l\000a\000t\000f\000o\000r\000m\000y}{}% 46
\BOOKMARK [1][-]{section.7.1}{\376\377\000K\000o\000n\000v\000e\000r\000z\000n\000\355\000\040\000m\000e\000c\000h\000a\000n\000i\000s\000m\000u\000s}{chapter.7}% 47
\BOOKMARK [2][-]{subsection.7.1.1}{\376\377\000M\000u\000n\000i\000s\000\040\000E\000S\000M\000L}{section.7.1}% 48
\BOOKMARK [2][-]{subsection.7.1.2}{\376\377\000R\0002\000R\000M\000L\000\040\000m\000a\000p\000o\000v\000\341\000n\000\355}{section.7.1}% 49
\BOOKMARK [2][-]{subsection.7.1.3}{\376\377\000V\000o\000l\000b\000a\000\040\000t\000e\000c\000h\000n\000o\000l\000o\000g\000i\000\355\000\040\000a\000\040\000i\000m\000p\000l\000e\000m\000e\000n\000t\000a\001\015\000n\000\355\000\040\000p\000l\000a\000t\000f\000o\000r\000m\000y}{section.7.1}% 50
\BOOKMARK [2][-]{subsection.7.1.4}{\376\377\000S\000P\000A\000R\000Q\000L\000\040\000e\000n\000d\000p\000o\000i\000n\000t}{section.7.1}% 51
\BOOKMARK [2][-]{subsection.7.1.5}{\376\377\000Z\000p\000r\000a\000c\000o\000v\000\341\000n\000\355\000\040\000R\000D\000F\000\040\000v\000\375\000s\000t\000u\000p\000u}{section.7.1}% 52
\BOOKMARK [2][-]{subsection.7.1.6}{\376\377\000K\000o\000n\000f\000i\000g\000u\000r\000a\000c\000e}{section.7.1}% 53
\BOOKMARK [2][-]{subsection.7.1.7}{\376\377\000P\000o\001\176\000a\000d\000a\000v\000k\000y\000\040\000n\000a\000\040\000a\000r\000c\000h\000i\000t\000e\000k\000t\000u\000r\000u}{section.7.1}% 54
\BOOKMARK [1][-]{section.7.2}{\376\377\000J\000e\000d\000n\000o\000t\000n\000\351\000\040\000\372\000l\000o\001\176\000i\001\141\000t\001\033}{chapter.7}% 55
\BOOKMARK [2][-]{subsection.7.2.1}{\376\377\000N\000\341\000s\000t\000r\000o\000j\000\040\000U\000n\000i\000f\000i\000e\000d\000\040\000v\000i\000e\000w\000s}{section.7.2}% 56
\BOOKMARK [2][-]{subsection.7.2.2}{\376\377\000P\000o\001\176\000a\000d\000a\000v\000k\000y\000\040\000n\000a\000\040\000a\000r\000c\000h\000i\000t\000e\000k\000t\000u\000r\000u}{section.7.2}% 57
\BOOKMARK [1][-]{section.7.3}{\376\377\000W\000e\000b\000o\000v\000\341\000\040\000a\000p\000l\000i\000k\000a\000c\000e}{chapter.7}% 58
\BOOKMARK [2][-]{subsection.7.3.1}{\376\377\000V\000o\000l\000b\000a\000\040\000t\000e\000c\000h\000n\000o\000l\000o\000g\000i\000\355\000\040\000a\000\040\000i\000m\000p\000l\000e\000m\000e\000n\000t\000a\001\015\000n\000\355\000\040\000p\000l\000a\000t\000f\000o\000r\000m\000y}{section.7.3}% 59
\BOOKMARK [2][-]{subsection.7.3.2}{\376\377\000Z\000\355\000s\000k\000\341\000v\000\341\000n\000\355\000\040\000d\000a\000t}{section.7.3}% 60
\BOOKMARK [2][-]{subsection.7.3.3}{\376\377\000P\000o\001\176\000a\000d\000a\000v\000k\000y\000\040\000n\000a\000\040\000a\000r\000c\000h\000i\000t\000e\000k\000t\000u\000r\000u}{section.7.3}% 61
\BOOKMARK [0][-]{chapter.8}{\376\377\000E\000v\000a\000l\000u\000a\000c\000e}{}% 62
\BOOKMARK [1][-]{section.8.1}{\376\377\000T\000e\000s\000t\000\040\000k\000o\000n\000v\000e\000r\000z\000n\000\355\000h\000o\000\040\000m\000o\000d\000u\000l\000u}{chapter.8}% 63
\BOOKMARK [1][-]{section.8.2}{\376\377\000T\000e\000s\000t\000\040\000w\000e\000b\000o\000v\000\351\000\040\000a\000p\000l\000i\000k\000a\000c\000e}{chapter.8}% 64
\BOOKMARK [0][-]{chapter.9}{\376\377\000S\000h\000r\000n\000u\000t\000\355\000\040\000p\000r\000o\000c\000e\000s\000u\000\040\000o\000t\000e\000v\000\355\000r\000\341\000n\000\355\000\040\000s\000m\000l\000u\000v}{}% 65
\BOOKMARK [0][-]{chapter*.129}{\376\377\000Z\000\341\000v\001\033\000r}{}% 66
\BOOKMARK [0][-]{chapter*.135}{\376\377\000S\000e\000z\000n\000a\000m\000\040\000z\000d\000r\000o\000j\001\157\000\040\000a\000\040\000p\000o\000u\001\176\000i\000t\000\351\000\040\000l\000i\000t\000e\000r\000a\000t\000u\000r\000y}{}% 67
\BOOKMARK [0][-]{chapter*.136}{\376\377\000S\000e\000z\000n\000a\000m\000\040\000o\000b\000r\000\341\000z\000k\001\157}{}% 68
\BOOKMARK [0][-]{chapter*.137}{\376\377\000S\000e\000z\000n\000a\000m\000\040\000t\000a\000b\000u\000l\000e\000k}{}% 69
\BOOKMARK [0][-]{chapter*.138}{\376\377\000V\000\375\000p\000i\000s\000y\000\040\000k\000\363\000d\000u}{}% 70
\BOOKMARK [0][-]{chapter*.139}{\376\377\000P\001\131\000\355\000l\000o\000h\000y}{}% 71
\BOOKMARK [0][-]{chapter*.140}{\376\377\000A\000\040\000P\001\131\000\355\000l\000o\000h\000a}{}% 72
\BOOKMARK [0][-]{chapter*.143}{\376\377\000B\000\040\000P\001\131\000\355\000l\000o\000h\000a}{}% 73
\BOOKMARK [0][-]{chapter*.145}{\376\377\000C\000\040\000P\001\131\000\355\000l\000o\000h\000a}{}% 74
\BOOKMARK [0][-]{chapter*.149}{\376\377\000D\000\040\000P\001\131\000\355\000l\000o\000h\000a}{}% 75
\BOOKMARK [0][-]{chapter*.150}{\376\377\000E\000\040\000P\001\131\000\355\000l\000o\000h\000a}{}% 76
